/home/jjiao/clion-2019.3/bin/cmake/linux/bin/cmake -DCMAKE_BUILD_TYPE=Debug -G "CodeBlocks - Unix Makefiles" /home/jjiao/catkin_ws/src/localization/M-LOAM/estimator
-- Using CATKIN_DEVEL_PREFIX: /home/jjiao/catkin_ws/src/localization/M-LOAM/estimator/cmake-build-debug/devel
-- Using CMAKE_PREFIX_PATH: 
-- Using PYTHON_EXECUTABLE: /usr/bin/python
-- Using Debian Python package layout
-- Using empy: /usr/bin/empy
-- Using CATKIN_ENABLE_TESTING: ON
-- Call enable_testing()
-- Using CATKIN_TEST_RESULTS_DIR: /home/jjiao/catkin_ws/src/localization/M-LOAM/estimator/cmake-build-debug/test_results
-- Found gmock sources under '/usr/src/gmock': gmock will be built
-- Found gtest sources under '/usr/src/gmock': gtests will be built
-- Using Python nosetests: /usr/bin/nosetests-2.7
-- catkin 0.7.18
-- BUILD_SHARED_LIBS is on
Traceback (most recent call last):
  File "/home/jjiao/catkin_ws/src/localization/M-LOAM/estimator/cmake-build-debug/catkin_generated/generate_cached_setup.py", line 20, in <module>
    from catkin.environment_cache import generate_environment_script
ImportError: No module named catkin.environment_cache
CMake Error at /opt/ros/kinetic/share/catkin/cmake/safe_execute_process.cmake:11 (message):
  execute_process(/usr/bin/python
  "/home/jjiao/catkin_ws/src/localization/M-LOAM/estimator/cmake-build-debug/catkin_generated/generate_cached_setup.py")
  returned error code 1
Call Stack (most recent call first):
  /opt/ros/kinetic/share/catkin/cmake/all.cmake:207 (safe_execute_process)
  /opt/ros/kinetic/share/catkin/cmake/catkinConfig.cmake:20 (include)
  CMakeLists.txt:9 (find_package)


-- Configuring incomplete, errors occurred!
See also "/home/jjiao/catkin_ws/src/localization/M-LOAM/estimator/cmake-build-debug/CMakeFiles/CMakeOutput.log".
See also "/home/jjiao/catkin_ws/src/localization/M-LOAM/estimator/cmake-build-debug/CMakeFiles/CMakeError.log".

Problems were encountered while collecting compiler information:
	c++: error: O3: No such file or directory
	c++: error: O3: No such file or directory
	c++: error: O3: No such file or directory
	c++: error: O3: No such file or directory
	c++: error: O3: No such file or directory
	c++: error: O3: No such file or directory
	c++: error: O3: No such file or directory
	c++: error: O3: No such file or directory
	c++: error: O3: No such file or directory
	c++: error: O3: No such file or directory
